<?xml version="1.0" encoding="UTF-8"?>
<testng-results skipped="0" failed="0" ignored="0" total="1" passed="1">
  <reporter-output>
  </reporter-output>
  <suite name="Default suite" duration-ms="74374" started-at="2017-12-31T14:47:40Z" finished-at="2017-12-31T14:48:55Z">
    <groups>
    </groups>
    <test name="Default test" duration-ms="74374" started-at="2017-12-31T14:47:40Z" finished-at="2017-12-31T14:48:55Z">
      <class name="com.mobproxy.browserMobProxy.SampleTestNG">
        <test-method status="PASS" signature="dataSetup()[pri:0, instance:com.mobproxy.browserMobProxy.SampleTestNG@3a8624]" name="dataSetup" is-config="true" duration-ms="71" started-at="2017-12-31T20:17:40Z" finished-at="2017-12-31T20:17:40Z">
          <reporter-output>
          </reporter-output>
        </test-method> <!-- dataSetup -->
        <test-method status="PASS" signature="test()[pri:0, instance:com.mobproxy.browserMobProxy.SampleTestNG@3a8624]" name="test" duration-ms="63325" started-at="2017-12-31T20:17:40Z" finished-at="2017-12-31T20:18:44Z">
          <reporter-output>
          </reporter-output>
        </test-method> <!-- test -->
        <test-method status="PASS" signature="quit()[pri:0, instance:com.mobproxy.browserMobProxy.SampleTestNG@3a8624]" name="quit" is-config="true" duration-ms="10928" started-at="2017-12-31T20:18:44Z" finished-at="2017-12-31T20:18:55Z">
          <reporter-output>
          </reporter-output>
        </test-method> <!-- quit -->
      </class> <!-- com.mobproxy.browserMobProxy.SampleTestNG -->
    </test> <!-- Default test -->
  </suite> <!-- Default suite -->
</testng-results>
